Determining if the pthread_create exist failed with the following output:
Change Dir: /home/odermy/Desktop/learningTrajectories/CppProgram/build/CMakeFiles/CMakeTmp

Run Build Command:/usr/bin/make "cmTryCompileExec4159832239/fast"
/usr/bin/make -f CMakeFiles/cmTryCompileExec4159832239.dir/build.make CMakeFiles/cmTryCompileExec4159832239.dir/build
make[1]: Entering directory `/home/odermy/Desktop/learningTrajectories/CppProgram/build/CMakeFiles/CMakeTmp'
/usr/bin/cmake -E cmake_progress_report /home/odermy/Desktop/learningTrajectories/CppProgram/build/CMakeFiles/CMakeTmp/CMakeFiles 1
Building C object CMakeFiles/cmTryCompileExec4159832239.dir/CheckSymbolExists.c.o
/usr/bin/cc    -o CMakeFiles/cmTryCompileExec4159832239.dir/CheckSymbolExists.c.o   -c /home/odermy/Desktop/learningTrajectories/CppProgram/build/CMakeFiles/CMakeTmp/CheckSymbolExists.c
Linking C executable cmTryCompileExec4159832239
/usr/bin/cmake -E cmake_link_script CMakeFiles/cmTryCompileExec4159832239.dir/link.txt --verbose=1
/usr/bin/cc       CMakeFiles/cmTryCompileExec4159832239.dir/CheckSymbolExists.c.o  -o cmTryCompileExec4159832239 -rdynamic 
CMakeFiles/cmTryCompileExec4159832239.dir/CheckSymbolExists.c.o: In function `main':
CheckSymbolExists.c:(.text+0x16): undefined reference to `pthread_create'
collect2: error: ld returned 1 exit status
make[1]: *** [cmTryCompileExec4159832239] Error 1
make[1]: Leaving directory `/home/odermy/Desktop/learningTrajectories/CppProgram/build/CMakeFiles/CMakeTmp'
make: *** [cmTryCompileExec4159832239/fast] Error 2

File /home/odermy/Desktop/learningTrajectories/CppProgram/build/CMakeFiles/CMakeTmp/CheckSymbolExists.c:
/* */
#include <pthread.h>

int main(int argc, char** argv)
{
  (void)argv;
#ifndef pthread_create
  return ((int*)(&pthread_create))[argc];
#else
  (void)argc;
  return 0;
#endif
}

Determining if the function pthread_create exists in the pthreads failed with the following output:
Change Dir: /home/odermy/Desktop/learningTrajectories/CppProgram/build/CMakeFiles/CMakeTmp

Run Build Command:/usr/bin/make "cmTryCompileExec2164628101/fast"
/usr/bin/make -f CMakeFiles/cmTryCompileExec2164628101.dir/build.make CMakeFiles/cmTryCompileExec2164628101.dir/build
make[1]: Entering directory `/home/odermy/Desktop/learningTrajectories/CppProgram/build/CMakeFiles/CMakeTmp'
/usr/bin/cmake -E cmake_progress_report /home/odermy/Desktop/learningTrajectories/CppProgram/build/CMakeFiles/CMakeTmp/CMakeFiles 1
Building C object CMakeFiles/cmTryCompileExec2164628101.dir/CheckFunctionExists.c.o
/usr/bin/cc   -DCHECK_FUNCTION_EXISTS=pthread_create   -o CMakeFiles/cmTryCompileExec2164628101.dir/CheckFunctionExists.c.o   -c /usr/share/cmake-2.8/Modules/CheckFunctionExists.c
Linking C executable cmTryCompileExec2164628101
/usr/bin/cmake -E cmake_link_script CMakeFiles/cmTryCompileExec2164628101.dir/link.txt --verbose=1
/usr/bin/cc   -DCHECK_FUNCTION_EXISTS=pthread_create    CMakeFiles/cmTryCompileExec2164628101.dir/CheckFunctionExists.c.o  -o cmTryCompileExec2164628101 -rdynamic -lpthreads 
/usr/bin/ld: cannot find -lpthreads
collect2: error: ld returned 1 exit status
make[1]: *** [cmTryCompileExec2164628101] Error 1
make[1]: Leaving directory `/home/odermy/Desktop/learningTrajectories/CppProgram/build/CMakeFiles/CMakeTmp'
make: *** [cmTryCompileExec2164628101/fast] Error 2


